<?xml version="1.0" encoding="UTF-8"?>
<!-- Generated by org.testng.reporters.JUnitReportReporter -->
<testsuite hostname="GgsTech6338Lap" failures="0" tests="3" name="test.APITestCases" time="4.581" errors="0" timestamp="2023-10-10T16:31:06 EET" skipped="0">
  <testcase classname="test.APITestCases" name="testLoginEndpoint" time="3.107"/>
  <system-out/>
  <testcase classname="test.APITestCases" name="testLoginEndpointWrongCredentials" time="0.537"/>
  <system-out/>
  <testcase classname="test.APITestCases" name="testWhoAmIEndpoint" time="0.937"/>
  <system-out/>
</testsuite> <!-- test.APITestCases -->
